
BuildGrammar
  build
    undoes inflate FAILED [1]
  inflate
    undoes build FAILED [2]
GrammarToList
  fromValid
    undoes fromEnds
  grammarToList
    undoes listToGrammar FAILED [3]
  listToGrammar
    undoes grammarToList FAILED [4]
Lib
  compress
    undoes decompress FAILED [5]
  decompress
    undoes compress FAILED [6]
PadicEncode
  Padic encode
    undoes Padic decode FAILED [7]
  Padic decode
    undoes Padic encode FAILED [8]
Symbol
  unsafeToNode
    undoes toSymbol
  isNode allows unsafeToNode
  breakAtEndline
    undoes unBreakAtEndline FAILED [9]
  unBreakAtEndline
    undoes breakAtEndline FAILED [10]

Failures:

  test\TestUtils.hs:51: 
  1) BuildGrammar.build undoes inflate
       uncaught exception: ErrorCall (GiggleCode:Stub
       CallStack (from HasCallStack):
         error, called at test\TestUtils.hs:57:24 in main:TestUtils) (after 1 test)
       *** Failed! (after 1 test): 
       Exception:
         GiggleCode:Stub
         CallStack (from HasCallStack):
           error, called at test\TestUtils.hs:57:24 in main:TestUtils
       Grammar [] []

  test\TestUtils.hs:51: 
  2) BuildGrammar.inflate undoes build
       uncaught exception: ErrorCall (GiggleCode:Stub
       CallStack (from HasCallStack):
         error, called at test\TestUtils.hs:57:24 in main:TestUtils) (after 1 test)
       *** Failed! (after 1 test): 
       Exception:
         GiggleCode:Stub
         CallStack (from HasCallStack):
           error, called at test\TestUtils.hs:57:24 in main:TestUtils
       ""

  test\TestUtils.hs:51: 
  3) GrammarToList.grammarToList undoes listToGrammar
       uncaught exception: ErrorCall (Last Symbol is '\505954'not endline
       CallStack (from HasCallStack):
         error, called at test\GrammarToListSpec.hs:31:10 in main:GrammarToListSpec) (after 3 tests)
       *** Failed! (after 3 tests): 
       Exception:
         Last Symbol is '\505954'not endline
         CallStack (from HasCallStack):
           error, called at test\GrammarToListSpec.hs:31:10 in main:GrammarToListSpec
       ['\505954',\N]

  test\TestUtils.hs:51: 
  4) GrammarToList.listToGrammar undoes grammarToList
       uncaught exception: ErrorCall (Last Symbol is '\519135'not endline
       CallStack (from HasCallStack):
         error, called at test\GrammarToListSpec.hs:31:10 in main:GrammarToListSpec) (after 3 tests and 1 shrink)
       *** Failed! (after 3 tests and 1 shrink): 
       Exception:
         Last Symbol is '\519135'not endline
         CallStack (from HasCallStack):
           error, called at test\GrammarToListSpec.hs:31:10 in main:GrammarToListSpec
       Grammar [TermNode '\519135'] []

  test\TestUtils.hs:51: 
  5) Lib.compress undoes decompress
       uncaught exception: ErrorCall (GiggleCode:Stub
       CallStack (from HasCallStack):
         error, called at test\TestUtils.hs:57:24 in main:TestUtils) (after 1 test)
       *** Failed! (after 1 test): 
       Exception:
         GiggleCode:Stub
         CallStack (from HasCallStack):
           error, called at test\TestUtils.hs:57:24 in main:TestUtils
       ""

  test\TestUtils.hs:51: 
  6) Lib.decompress undoes compress
       uncaught exception: ErrorCall (GiggleCode:Stub
       CallStack (from HasCallStack):
         error, called at test\TestUtils.hs:57:24 in main:TestUtils) (after 1 test)
       *** Failed! (after 1 test): 
       Exception:
         GiggleCode:Stub
         CallStack (from HasCallStack):
           error, called at test\TestUtils.hs:57:24 in main:TestUtils
       ""

  test\TestUtils.hs:51: 
  7) PadicEncode, Padic encode, undoes Padic decode
       uncaught exception: ErrorCall (GiggleCode:Stub
       CallStack (from HasCallStack):
         error, called at test\TestUtils.hs:57:24 in main:TestUtils) (after 1 test)
       *** Failed! (after 1 test): 
       Exception:
         GiggleCode:Stub
         CallStack (from HasCallStack):
           error, called at test\TestUtils.hs:57:24 in main:TestUtils
       ""

  test\TestUtils.hs:51: 
  8) PadicEncode, Padic decode, undoes Padic encode
       uncaught exception: ErrorCall (GiggleCode:Stub
       CallStack (from HasCallStack):
         error, called at test\TestUtils.hs:57:24 in main:TestUtils) (after 1 test)
       *** Failed! (after 1 test): 
       Exception:
         GiggleCode:Stub
         CallStack (from HasCallStack):
           error, called at test\TestUtils.hs:57:24 in main:TestUtils
       ""

  test\TestUtils.hs:51: 
  9) Symbol.breakAtEndline undoes unBreakAtEndline
       uncaught exception: GiggleCodeException (GiggleCode:UnsafeToNodeEndline) (after 1 test)
       ([],[])

  test\TestUtils.hs:51: 
  10) Symbol.unBreakAtEndline undoes breakAtEndline
       uncaught exception: GiggleCodeException (GiggleCode:UnsafeToNodeEndline) (after 1 test)
       Valid {fromValid = [\N]}

Randomized with seed 2086141815

Finished in 0.0220 seconds
13 examples, 10 failures
